<?xml version="1.0" encoding="UTF-8"?>
<testsuites name="Mocha Tests" time="10.1130" tests="6" failures="0" skipped="5">
  <testsuite name="Root Suite" timestamp="2022-03-07T13:30:37" tests="6" file="cypress/integration/Tester/Tester.js" time="10.1130" failures="0">
    <testcase name="test new Cypress input parameter workflow" time="10.1130" classname="test new Cypress input parameter workflow">
    </testcase>
  </testsuite>
</testsuites>